[debug] [2026-04-20T02:59:11.898Z] ----------------------------------------------------------------------
[debug] [2026-04-20T02:59:11.900Z] Command:       C:\Program Files\nodejs\node.exe C:\Users\bizpe\AppData\Roaming\npm\node_modules\firebase-tools\lib\bin\firebase.js deploy --only hosting --project gen-lang-client-0616075728
[debug] [2026-04-20T02:59:11.901Z] CLI Version:   15.13.0
[debug] [2026-04-20T02:59:11.901Z] Platform:      win32
[debug] [2026-04-20T02:59:11.901Z] Node Version:  v24.13.0
[debug] [2026-04-20T02:59:11.901Z] Time:          Mon Apr 20 2026 11:59:11 GMT+0900 (대한민국 표준시)
[debug] [2026-04-20T02:59:11.901Z] ----------------------------------------------------------------------
[debug] 
[debug] [2026-04-20T02:59:14.571Z] > command requires scopes: ["email","openid","https://www.googleapis.com/auth/cloudplatformprojects.readonly","https://www.googleapis.com/auth/firebase","https://www.googleapis.com/auth/cloud-platform"]
[debug] [2026-04-20T02:59:14.572Z] > authorizing via signed-in user (bizpeer@gmail.com)
[debug] [2026-04-20T02:59:14.572Z] [iam] checking project gen-lang-client-0616075728 for permissions ["firebase.projects.get","firebasehosting.sites.update"]
[debug] [2026-04-20T02:59:14.574Z] Checked if tokens are valid: true, expires at: 1776656988861
[debug] [2026-04-20T02:59:14.575Z] Checked if tokens are valid: true, expires at: 1776656988861
[debug] [2026-04-20T02:59:14.576Z] >>> [apiv2][query] POST https://cloudresourcemanager.googleapis.com/v1/projects/gen-lang-client-0616075728:testIamPermissions [none]
[debug] [2026-04-20T02:59:14.576Z] >>> [apiv2][(partial)header] POST https://cloudresourcemanager.googleapis.com/v1/projects/gen-lang-client-0616075728:testIamPermissions  x-goog-user-project=gen-lang-client-0616075728
[debug] [2026-04-20T02:59:14.576Z] >>> [apiv2][body] POST https://cloudresourcemanager.googleapis.com/v1/projects/gen-lang-client-0616075728:testIamPermissions {"permissions":["firebase.projects.get","firebasehosting.sites.update"]}
[debug] [2026-04-20T02:59:14.877Z] <<< [apiv2][status] POST https://cloudresourcemanager.googleapis.com/v1/projects/gen-lang-client-0616075728:testIamPermissions 200
[debug] [2026-04-20T02:59:14.877Z] <<< [apiv2][body] POST https://cloudresourcemanager.googleapis.com/v1/projects/gen-lang-client-0616075728:testIamPermissions {"permissions":["firebase.projects.get","firebasehosting.sites.update"]}
[debug] [2026-04-20T02:59:14.877Z] Checked if tokens are valid: true, expires at: 1776656988861
[debug] [2026-04-20T02:59:14.877Z] Checked if tokens are valid: true, expires at: 1776656988861
[debug] [2026-04-20T02:59:14.877Z] >>> [apiv2][query] GET https://firebase.googleapis.com/v1beta1/projects/gen-lang-client-0616075728 [none]
[debug] [2026-04-20T02:59:15.280Z] <<< [apiv2][status] GET https://firebase.googleapis.com/v1beta1/projects/gen-lang-client-0616075728 200
[debug] [2026-04-20T02:59:15.280Z] <<< [apiv2][body] GET https://firebase.googleapis.com/v1beta1/projects/gen-lang-client-0616075728 {"projectId":"gen-lang-client-0616075728","projectNumber":"717018520577","displayName":"Investment Proposal","name":"projects/gen-lang-client-0616075728","resources":{"hostingSite":"gen-lang-client-0616075728"},"state":"ACTIVE","etag":"1_a7975bfe-16c1-4470-858e-b73378417a7c"}
[info] 
[info] === Deploying to 'gen-lang-client-0616075728'...
[info] 
[info] i  deploying hosting 
[debug] [2026-04-20T02:59:15.284Z] Checked if tokens are valid: true, expires at: 1776656988861
[debug] [2026-04-20T02:59:15.284Z] Checked if tokens are valid: true, expires at: 1776656988861
[debug] [2026-04-20T02:59:15.284Z] >>> [apiv2][query] POST https://firebasehosting.googleapis.com/v1beta1/projects/-/sites/gen-lang-client-0616075728/versions [none]
[debug] [2026-04-20T02:59:15.284Z] >>> [apiv2][body] POST https://firebasehosting.googleapis.com/v1beta1/projects/-/sites/gen-lang-client-0616075728/versions {"status":"CREATED","labels":{"deployment-tool":"cli-firebase"}}
